maxsum = 1, cursum = 1
maxsum = 1, cursum = -7
maxsum = 3, cursum = 3
maxsum = 3, cursum = -1
maxsum = 3, cursum = -2
1
-8
3
-4
-2

maxsum = 3, cursum = 3
maxsum = 3, cursum = -8
maxsum = 11, cursum = 11
maxsum = 11, cursum = 6
maxsum = 11, cursum = 1
3
-11
11
-5
-5

maxsum = 11, cursum = 2
maxsum = 11, cursum = -5
maxsum = 20, cursum = 20
maxsum = 20, cursum = 16
maxsum = 20, cursum = 19
2
-7
20
-4
3

maxsum = 20, cursum = -2
maxsum = 20, cursum = -9
maxsum = 21, cursum = 21
maxsum = 24, cursum = 24
maxsum = 28, cursum = 28
-2
-9
21
3
4

maxsum = 28, cursum = -22
maxsum = 28, cursum = -8
maxsum = 28, cursum = 24
maxsum = 28, cursum = 21
maxsum = 28, cursum = 24
-22
-8
24
-3
3

###########
maxsum = 28, cursum = 2
maxsum = 28, cursum = -1
maxsum = 28, cursum = 8
maxsum = 28, cursum = 7
maxsum = 28, cursum = 4
2
-3
8
-1
-3

maxsum = 28, cursum = 1
maxsum = 28, cursum = 2
maxsum = 28, cursum = 19
maxsum = 28, cursum = 19
maxsum = 28, cursum = 24
1
1
17
0
5

maxsum = 28, cursum = -3
maxsum = 28, cursum = -1
maxsum = 28, cursum = 18
maxsum = 28, cursum = 25
maxsum = 31, cursum = 31
-3
-1
18
7
6

maxsum = 31, cursum = -23
maxsum = 31, cursum = 0
maxsum = 31, cursum = 21
maxsum = 31, cursum = 22
maxsum = 31, cursum = 27
-23
0
21
1
5

###########
maxsum = 31, cursum = -1
maxsum = 31, cursum = 4
maxsum = 31, cursum = 13
maxsum = 31, cursum = 14
maxsum = 31, cursum = 22
-1
4
9
1
8

maxsum = 31, cursum = -5
maxsum = 31, cursum = 2
maxsum = 31, cursum = 12
maxsum = 31, cursum = 20
maxsum = 31, cursum = 29
-5
2
10
8
9

maxsum = 31, cursum = -25
maxsum = 31, cursum = 3
maxsum = 31, cursum = 16
maxsum = 31, cursum = 18
maxsum = 31, cursum = 26
-25
3
13
2
8

###########
maxsum = 31, cursum = -4
maxsum = 31, cursum = -2
maxsum = 31, cursum = 1
maxsum = 31, cursum = 8
maxsum = 31, cursum = 9
-4
-2
1
7
1

maxsum = 31, cursum = -24
maxsum = 31, cursum = -1
maxsum = 31, cursum = 4
maxsum = 31, cursum = 5
maxsum = 31, cursum = 5
-24
-1
4
1
0

###########
maxsum = 31, cursum = -20
maxsum = 31, cursum = 1
maxsum = 31, cursum = 4
maxsum = 31, cursum = -2
maxsum = 31, cursum = -1
-20
1
3
-6
-1

###########
31
